#
# There is insufficient memory for the Java Runtime Environment to continue.
# Native memory allocation (malloc) failed to allocate 416080 bytes for Chunk::new
# Possible reasons:
#   The system is out of physical RAM or swap space
#   The process is running with CompressedOops enabled, and the Java Heap may be blocking the growth of the native heap
# Possible solutions:
#   Reduce memory load on the system
#   Increase physical memory or swap space
#   Check if swap backing store is full
#   Decrease Java heap size (-Xmx/-Xms)
#   Decrease number of Java threads
#   Decrease Java thread stack sizes (-Xss)
#   Set larger code cache with -XX:ReservedCodeCacheSize=
#   JVM is running with Unscaled Compressed Oops mode in which the Java heap is
#     placed in the first 4GB address space. The Java Heap base address is the
#     maximum limit for the native heap growth. Please use -XX:HeapBaseMinAddress
#     to set the Java Heap base and to place the Java Heap above 4GB virtual address.
# This output file may be truncated or incomplete.
#
#  Out of Memory Error (arena.cpp:168), pid=4264, tid=28416
#
# JRE version: Java(TM) SE Runtime Environment (21.0.1+12) (build 21.0.1+12-LTS-29)
# Java VM: Java HotSpot(TM) 64-Bit Server VM (21.0.1+12-LTS-29, mixed mode, sharing, tiered, compressed oops, compressed class ptrs, g1 gc, windows-amd64)
# No core dump will be written. Minidumps are not enabled by default on client versions of Windows
#

---------------  S U M M A R Y ------------

Command Line: -ea -Dfile.encoding=UTF-8 -Dstdout.encoding=UTF-8 -Dstderr.encoding=UTF-8 -XX:+ShowCodeDetailsInExceptionMessages org.testng.remote.RemoteTestNG -serport 4096 -protocol json -d E:\github\framework_build\test-output C:\Users\USER\AppData\Local\Temp\testng-eclipse-1740783179\testng-customsuite.xml

Host: 11th Gen Intel(R) Core(TM) i5-1135G7 @ 2.40GHz, 8 cores, 7G,  Windows 11 , 64 bit Build 22621 (10.0.22621.3672)
Time: Thu Jun  6 23:30:05 2024 Sri Lanka Standard Time elapsed time: 1.139946 seconds (0d 0h 0m 1s)

---------------  T H R E A D  ---------------

Current thread (0x000002064a3ce0b0):  JavaThread "C2 CompilerThread0" daemon [_thread_in_native, id=28416, stack(0x000000ae2cf00000,0x000000ae2d000000) (1024K)]


Current CompileTask:
C2:   1140 1282       4       jdk.internal.org.objectweb.asm.Frame::execute (2305 bytes)

Stack: [0x000000ae2cf00000,0x000000ae2d000000]
Native frames: (J=compiled Java code, j=interpreted, Vv=VM code, C=native code)
V  [jvm.dll+0x6c9029]
V  [jvm.dll+0x854b81]
V  [jvm.dll+0x856e5e]
V  [jvm.dll+0x857543]
V  [jvm.dll+0x280c06]
V  [jvm.dll+0xc3ead]
V  [jvm.dll+0xc43c3]
V  [jvm.dll+0x3b576c]
V  [jvm.dll+0x1e20b9]
V  [jvm.dll+0x249c22]
V  [jvm.dll+0x2490b1]
V  [jvm.dll+0x1c9ca1]
V  [jvm.dll+0x2586b9]
V  [jvm.dll+0x256c9a]
V  [jvm.dll+0x3ef1b6]
V  [jvm.dll+0x7fd728]
V  [jvm.dll+0x6c777d]
C  [ucrtbase.dll+0x29333]
C  [KERNEL32.DLL+0x1257d]
C  [ntdll.dll+0x5aa48]


---------------  P R O C E S S  ---------------

Threads class SMR info:
_java_thread_list=0x0000020690856cc0, length=13, elements={
0x000002062b9e3b20, 0x000002064a3b9da0, 0x000002064a3bad60, 0x000002064a3bda60,
0x000002064a3be5b0, 0x000002064a3c07e0, 0x000002064a3c1b30, 0x000002064a3ce0b0,
0x000002064a3cfec0, 0x000002064a6565c0, 0x000002064a65cfd0, 0x00000206902edfd0,
0x0000020690a18bd0
}

Java Threads: ( => current thread )
  0x000002062b9e3b20 JavaThread "main"                              [_thread_in_vm, id=2008, stack(0x000000ae2c100000,0x000000ae2c200000) (1024K)]
  0x000002064a3b9da0 JavaThread "Reference Handler"          daemon [_thread_blocked, id=25672, stack(0x000000ae2c900000,0x000000ae2ca00000) (1024K)]
  0x000002064a3bad60 JavaThread "Finalizer"                  daemon [_thread_blocked, id=19068, stack(0x000000ae2ca00000,0x000000ae2cb00000) (1024K)]
  0x000002064a3bda60 JavaThread "Signal Dispatcher"          daemon [_thread_blocked, id=17608, stack(0x000000ae2cb00000,0x000000ae2cc00000) (1024K)]
  0x000002064a3be5b0 JavaThread "Attach Listener"            daemon [_thread_blocked, id=20068, stack(0x000000ae2cc00000,0x000000ae2cd00000) (1024K)]
  0x000002064a3c07e0 JavaThread "Service Thread"             daemon [_thread_blocked, id=17304, stack(0x000000ae2cd00000,0x000000ae2ce00000) (1024K)]
  0x000002064a3c1b30 JavaThread "Monitor Deflation Thread"   daemon [_thread_blocked, id=27772, stack(0x000000ae2ce00000,0x000000ae2cf00000) (1024K)]
=>0x000002064a3ce0b0 JavaThread "C2 CompilerThread0"         daemon [_thread_in_native, id=28416, stack(0x000000ae2cf00000,0x000000ae2d000000) (1024K)]
  0x000002064a3cfec0 JavaThread "C1 CompilerThread0"         daemon [_thread_blocked, id=15532, stack(0x000000ae2d000000,0x000000ae2d100000) (1024K)]
  0x000002064a6565c0 JavaThread "Notification Thread"        daemon [_thread_blocked, id=5064, stack(0x000000ae2d100000,0x000000ae2d200000) (1024K)]
  0x000002064a65cfd0 JavaThread "Common-Cleaner"             daemon [_thread_blocked, id=24536, stack(0x000000ae2d200000,0x000000ae2d300000) (1024K)]
  0x00000206902edfd0 JavaThread "ReaderThread"                      [_thread_in_native, id=15284, stack(0x000000ae2d500000,0x000000ae2d600000) (1024K)]
  0x0000020690a18bd0 JavaThread "C2 CompilerThread1"         daemon [_thread_blocked, id=13428, stack(0x000000ae2d300000,0x000000ae2d400000) (1024K)]
Total: 13

Other Threads:
  0x000002064a398850 VMThread "VM Thread"                           [id=27584, stack(0x000000ae2c800000,0x000000ae2c900000) (1024K)]
  0x000002064a383110 WatcherThread "VM Periodic Task Thread"        [id=25444, stack(0x000000ae2c700000,0x000000ae2c800000) (1024K)]
  0x000002062db5ac30 WorkerThread "GC Thread#0"                     [id=19596, stack(0x000000ae2c200000,0x000000ae2c300000) (1024K)]
  0x000002062db6c630 ConcurrentGCThread "G1 Main Marker"            [id=19140, stack(0x000000ae2c300000,0x000000ae2c400000) (1024K)]
  0x000002062db6d030 WorkerThread "G1 Conc#0"                       [id=9104, stack(0x000000ae2c400000,0x000000ae2c500000) (1024K)]
  0x000002062dbbe730 ConcurrentGCThread "G1 Refine#0"               [id=16280, stack(0x000000ae2c500000,0x000000ae2c600000) (1024K)]
  0x000002064a2523b0 ConcurrentGCThread "G1 Service"                [id=27920, stack(0x000000ae2c600000,0x000000ae2c700000) (1024K)]
Total: 7

Threads with active compile tasks:
C2 CompilerThread0     1188 1282       4       jdk.internal.org.objectweb.asm.Frame::execute (2305 bytes)
Total: 1

VM state: not at safepoint (normal execution)

VM Mutex/Monitor currently owned by a thread: None

Heap address: 0x0000000083600000, size: 1994 MB, Compressed Oops mode: 32-bit

CDS archive(s) mapped at: [0x000002064b000000-0x000002064bc90000-0x000002064bc90000), size 13172736, SharedBaseAddress: 0x000002064b000000, ArchiveRelocationMode: 1.
Compressed class space mapped at: 0x000002064c000000-0x000002068c000000, reserved size: 1073741824
Narrow klass base: 0x000002064b000000, Narrow klass shift: 0, Narrow klass range: 0x100000000

GC Precious Log:
 CardTable entry size: 512
 Card Set container configuration: InlinePtr #cards 5 size 8 Array Of Cards #cards 12 size 40 Howl #buckets 4 coarsen threshold 1843 Howl Bitmap #cards 512 size 80 coarsen threshold 460 Card regions per heap region 1 cards per card region 2048
 CPUs: 8 total, 8 available
 Memory: 7975M
 Large Page Support: Disabled
 NUMA Support: Disabled
 Compressed Oops: Enabled (32-bit)
 Heap Region Size: 1M
 Heap Min Capacity: 8M
 Heap Initial Capacity: 126M
 Heap Max Capacity: 1994M
 Pre-touch: Disabled
 Parallel Workers: 8
 Concurrent Workers: 2
 Concurrent Refinement Workers: 8
 Periodic GC: Disabled

Heap:
 garbage-first heap   total 129024K, used 24576K [0x0000000083600000, 0x0000000100000000)
  region size 1024K, 23 young (23552K), 0 survivors (0K)
 Metaspace       used 7421K, committed 7744K, reserved 1114112K
  class space    used 850K, committed 1024K, reserved 1048576K

Heap Regions: E=young(eden), S=young(survivor), O=old, HS=humongous(starts), HC=humongous(continues), CS=collection set, F=free, TAMS=top-at-mark-start, PB=parsable bottom
|   0|0x0000000083600000, 0x0000000083700000, 0x0000000083700000|100%|HS|  |TAMS 0x0000000083600000| PB 0x0000000083600000| Complete 
|   1|0x0000000083700000, 0x0000000083800000, 0x0000000083800000|100%|HS|  |TAMS 0x0000000083700000| PB 0x0000000083700000| Complete 
|   2|0x0000000083800000, 0x0000000083800000, 0x0000000083900000|  0%| F|  |TAMS 0x0000000083800000| PB 0x0000000083800000| Untracked 
|   3|0x0000000083900000, 0x0000000083900000, 0x0000000083a00000|  0%| F|  |TAMS 0x0000000083900000| PB 0x0000000083900000| Untracked 
|   4|0x0000000083a00000, 0x0000000083a00000, 0x0000000083b00000|  0%| F|  |TAMS 0x0000000083a00000| PB 0x0000000083a00000| Untracked 
|   5|0x0000000083b00000, 0x0000000083b00000, 0x0000000083c00000|  0%| F|  |TAMS 0x0000000083b00000| PB 0x0000000083b00000| Untracked 
|   6|0x0000000083c00000, 0x0000000083c00000, 0x0000000083d00000|  0%| F|  |TAMS 0x0000000083c00000| PB 0x0000000083c00000| Untracked 
|   7|0x0000000083d00000, 0x0000000083d00000, 0x0000000083e00000|  0%| F|  |TAMS 0x0000000083d00000| PB 0x0000000083d00000| Untracked 
|   8|0x0000000083e00000, 0x0000000083e00000, 0x0000000083f00000|  0%| F|  |TAMS 0x0000000083e00000| PB 0x0000000083e00000| Untracked 
|   9|0x0000000083f00000, 0x0000000083f00000, 0x0000000084000000|  0%| F|  |TAMS 0x0000000083f00000| PB 0x0000000083f00000| Untracked 
|  10|0x0000000084000000, 0x0000000084000000, 0x0000000084100000|  0%| F|  |TAMS 0x0000000084000000| PB 0x0000000084000000| Untracked 
|  11|0x0000000084100000, 0x0000000084100000, 0x0000000084200000|  0%| F|  |TAMS 0x0000000084100000| PB 0x0000000084100000| Untracked 
|  12|0x0000000084200000, 0x0000000084200000, 0x0000000084300000|  0%| F|  |TAMS 0x0000000084200000| PB 0x0000000084200000| Untracked 
|  13|0x0000000084300000, 0x0000000084300000, 0x0000000084400000|  0%| F|  |TAMS 0x0000000084300000| PB 0x0000000084300000| Untracked 
|  14|0x0000000084400000, 0x0000000084400000, 0x0000000084500000|  0%| F|  |TAMS 0x0000000084400000| PB 0x0000000084400000| Untracked 
|  15|0x0000000084500000, 0x0000000084500000, 0x0000000084600000|  0%| F|  |TAMS 0x0000000084500000| PB 0x0000000084500000| Untracked 
|  16|0x0000000084600000, 0x0000000084600000, 0x0000000084700000|  0%| F|  |TAMS 0x0000000084600000| PB 0x0000000084600000| Untracked 
|  17|0x0000000084700000, 0x0000000084700000, 0x0000000084800000|  0%| F|  |TAMS 0x0000000084700000| PB 0x0000000084700000| Untracked 
|  18|0x0000000084800000, 0x0000000084800000, 0x0000000084900000|  0%| F|  |TAMS 0x0000000084800000| PB 0x0000000084800000| Untracked 
|  19|0x0000000084900000, 0x0000000084900000, 0x0000000084a00000|  0%| F|  |TAMS 0x0000000084900000| PB 0x0000000084900000| Untracked 
|  20|0x0000000084a00000, 0x0000000084a00000, 0x0000000084b00000|  0%| F|  |TAMS 0x0000000084a00000| PB 0x0000000084a00000| Untracked 
|  21|0x0000000084b00000, 0x0000000084b00000, 0x0000000084c00000|  0%| F|  |TAMS 0x0000000084b00000| PB 0x0000000084b00000| Untracked 
|  22|0x0000000084c00000, 0x0000000084c00000, 0x0000000084d00000|  0%| F|  |TAMS 0x0000000084c00000| PB 0x0000000084c00000| Untracked 
|  23|0x0000000084d00000, 0x0000000084d00000, 0x0000000084e00000|  0%| F|  |TAMS 0x0000000084d00000| PB 0x0000000084d00000| Untracked 
|  24|0x0000000084e00000, 0x0000000084e00000, 0x0000000084f00000|  0%| F|  |TAMS 0x0000000084e00000| PB 0x0000000084e00000| Untracked 
|  25|0x0000000084f00000, 0x0000000084f00000, 0x0000000085000000|  0%| F|  |TAMS 0x0000000084f00000| PB 0x0000000084f00000| Untracked 
|  26|0x0000000085000000, 0x0000000085000000, 0x0000000085100000|  0%| F|  |TAMS 0x0000000085000000| PB 0x0000000085000000| Untracked 
|  27|0x0000000085100000, 0x0000000085100000, 0x0000000085200000|  0%| F|  |TAMS 0x0000000085100000| PB 0x0000000085100000| Untracked 
|  28|0x0000000085200000, 0x0000000085200000, 0x0000000085300000|  0%| F|  |TAMS 0x0000000085200000| PB 0x0000000085200000| Untracked 
|  29|0x0000000085300000, 0x0000000085300000, 0x0000000085400000|  0%| F|  |TAMS 0x0000000085300000| PB 0x0000000085300000| Untracked 
|  30|0x0000000085400000, 0x0000000085400000, 0x0000000085500000|  0%| F|  |TAMS 0x0000000085400000| PB 0x0000000085400000| Untracked 
|  31|0x0000000085500000, 0x0000000085500000, 0x0000000085600000|  0%| F|  |TAMS 0x0000000085500000| PB 0x0000000085500000| Untracked 
|  32|0x0000000085600000, 0x0000000085600000, 0x0000000085700000|  0%| F|  |TAMS 0x0000000085600000| PB 0x0000000085600000| Untracked 
|  33|0x0000000085700000, 0x0000000085700000, 0x0000000085800000|  0%| F|  |TAMS 0x0000000085700000| PB 0x0000000085700000| Untracked 
|  34|0x0000000085800000, 0x0000000085800000, 0x0000000085900000|  0%| F|  |TAMS 0x0000000085800000| PB 0x0000000085800000| Untracked 
|  35|0x0000000085900000, 0x0000000085900000, 0x0000000085a00000|  0%| F|  |TAMS 0x0000000085900000| PB 0x0000000085900000| Untracked 
|  36|0x0000000085a00000, 0x0000000085a00000, 0x0000000085b00000|  0%| F|  |TAMS 0x0000000085a00000| PB 0x0000000085a00000| Untracked 
|  37|0x0000000085b00000, 0x0000000085b00000, 0x0000000085c00000|  0%| F|  |TAMS 0x0000000085b00000| PB 0x0000000085b00000| Untracked 
|  38|0x0000000085c00000, 0x0000000085c00000, 0x0000000085d00000|  0%| F|  |TAMS 0x0000000085c00000| PB 0x0000000085c00000| Untracked 
|  39|0x0000000085d00000, 0x0000000085d00000, 0x0000000085e00000|  0%| F|  |TAMS 0x0000000085d00000| PB 0x0000000085d00000| Untracked 
|  40|0x0000000085e00000, 0x0000000085e00000, 0x0000000085f00000|  0%| F|  |TAMS 0x0000000085e00000| PB 0x0000000085e00000| Untracked 
|  41|0x0000000085f00000, 0x0000000085f00000, 0x0000000086000000|  0%| F|  |TAMS 0x0000000085f00000| PB 0x0000000085f00000| Untracked 
|  42|0x0000000086000000, 0x0000000086000000, 0x0000000086100000|  0%| F|  |TAMS 0x0000000086000000| PB 0x0000000086000000| Untracked 
|  43|0x0000000086100000, 0x0000000086100000, 0x0000000086200000|  0%| F|  |TAMS 0x0000000086100000| PB 0x0000000086100000| Untracked 
|  44|0x0000000086200000, 0x0000000086200000, 0x0000000086300000|  0%| F|  |TAMS 0x0000000086200000| PB 0x0000000086200000| Untracked 
|  45|0x0000000086300000, 0x0000000086300000, 0x0000000086400000|  0%| F|  |TAMS 0x0000000086300000| PB 0x0000000086300000| Untracked 
|  46|0x0000000086400000, 0x0000000086400000, 0x0000000086500000|  0%| F|  |TAMS 0x0000000086400000| PB 0x0000000086400000| Untracked 
|  47|0x0000000086500000, 0x0000000086500000, 0x0000000086600000|  0%| F|  |TAMS 0x0000000086500000| PB 0x0000000086500000| Untracked 
|  48|0x0000000086600000, 0x0000000086600000, 0x0000000086700000|  0%| F|  |TAMS 0x0000000086600000| PB 0x0000000086600000| Untracked 
|  49|0x0000000086700000, 0x0000000086700000, 0x0000000086800000|  0%| F|  |TAMS 0x0000000086700000| PB 0x0000000086700000| Untracked 
|  50|0x0000000086800000, 0x0000000086800000, 0x0000000086900000|  0%| F|  |TAMS 0x0000000086800000| PB 0x0000000086800000| Untracked 
|  51|0x0000000086900000, 0x0000000086900000, 0x0000000086a00000|  0%| F|  |TAMS 0x0000000086900000| PB 0x0000000086900000| Untracked 
|  52|0x0000000086a00000, 0x0000000086a00000, 0x0000000086b00000|  0%| F|  |TAMS 0x0000000086a00000| PB 0x0000000086a00000| Untracked 
|  53|0x0000000086b00000, 0x0000000086b00000, 0x0000000086c00000|  0%| F|  |TAMS 0x0000000086b00000| PB 0x0000000086b00000| Untracked 
|  54|0x0000000086c00000, 0x0000000086c00000, 0x0000000086d00000|  0%| F|  |TAMS 0x0000000086c00000| PB 0x0000000086c00000| Untracked 
|  55|0x0000000086d00000, 0x0000000086d00000, 0x0000000086e00000|  0%| F|  |TAMS 0x0000000086d00000| PB 0x0000000086d00000| Untracked 
|  56|0x0000000086e00000, 0x0000000086e00000, 0x0000000086f00000|  0%| F|  |TAMS 0x0000000086e00000| PB 0x0000000086e00000| Untracked 
|  57|0x0000000086f00000, 0x0000000086f00000, 0x0000000087000000|  0%| F|  |TAMS 0x0000000086f00000| PB 0x0000000086f00000| Untracked 
|  58|0x0000000087000000, 0x0000000087000000, 0x0000000087100000|  0%| F|  |TAMS 0x0000000087000000| PB 0x0000000087000000| Untracked 
|  59|0x0000000087100000, 0x0000000087100000, 0x0000000087200000|  0%| F|  |TAMS 0x0000000087100000| PB 0x0000000087100000| Untracked 
|  60|0x0000000087200000, 0x0000000087200000, 0x0000000087300000|  0%| F|  |TAMS 0x0000000087200000| PB 0x0000000087200000| Untracked 
|  61|0x0000000087300000, 0x0000000087300000, 0x0000000087400000|  0%| F|  |TAMS 0x0000000087300000| PB 0x0000000087300000| Untracked 
|  62|0x0000000087400000, 0x0000000087400000, 0x0000000087500000|  0%| F|  |TAMS 0x0000000087400000| PB 0x0000000087400000| Untracked 
|  63|0x0000000087500000, 0x0000000087500000, 0x0000000087600000|  0%| F|  |TAMS 0x0000000087500000| PB 0x0000000087500000| Untracked 
|  64|0x0000000087600000, 0x0000000087600000, 0x0000000087700000|  0%| F|  |TAMS 0x0000000087600000| PB 0x0000000087600000| Untracked 
|  65|0x0000000087700000, 0x0000000087700000, 0x0000000087800000|  0%| F|  |TAMS 0x0000000087700000| PB 0x0000000087700000| Untracked 
|  66|0x0000000087800000, 0x0000000087800000, 0x0000000087900000|  0%| F|  |TAMS 0x0000000087800000| PB 0x0000000087800000| Untracked 
|  67|0x0000000087900000, 0x0000000087900000, 0x0000000087a00000|  0%| F|  |TAMS 0x0000000087900000| PB 0x0000000087900000| Untracked 
|  68|0x0000000087a00000, 0x0000000087a00000, 0x0000000087b00000|  0%| F|  |TAMS 0x0000000087a00000| PB 0x0000000087a00000| Untracked 
|  69|0x0000000087b00000, 0x0000000087b00000, 0x0000000087c00000|  0%| F|  |TAMS 0x0000000087b00000| PB 0x0000000087b00000| Untracked 
|  70|0x0000000087c00000, 0x0000000087c00000, 0x0000000087d00000|  0%| F|  |TAMS 0x0000000087c00000| PB 0x0000000087c00000| Untracked 
|  71|0x0000000087d00000, 0x0000000087d00000, 0x0000000087e00000|  0%| F|  |TAMS 0x0000000087d00000| PB 0x0000000087d00000| Untracked 
|  72|0x0000000087e00000, 0x0000000087e00000, 0x0000000087f00000|  0%| F|  |TAMS 0x0000000087e00000| PB 0x0000000087e00000| Untracked 
|  73|0x0000000087f00000, 0x0000000087f00000, 0x0000000088000000|  0%| F|  |TAMS 0x0000000087f00000| PB 0x0000000087f00000| Untracked 
|  74|0x0000000088000000, 0x0000000088000000, 0x0000000088100000|  0%| F|  |TAMS 0x0000000088000000| PB 0x0000000088000000| Untracked 
|  75|0x0000000088100000, 0x0000000088100000, 0x0000000088200000|  0%| F|  |TAMS 0x0000000088100000| PB 0x0000000088100000| Untracked 
|  76|0x0000000088200000, 0x0000000088200000, 0x0000000088300000|  0%| F|  |TAMS 0x0000000088200000| PB 0x0000000088200000| Untracked 
|  77|0x0000000088300000, 0x0000000088300000, 0x0000000088400000|  0%| F|  |TAMS 0x0000000088300000| PB 0x0000000088300000| Untracked 
|  78|0x0000000088400000, 0x0000000088400000, 0x0000000088500000|  0%| F|  |TAMS 0x0000000088400000| PB 0x0000000088400000| Untracked 
|  79|0x0000000088500000, 0x0000000088500000, 0x0000000088600000|  0%| F|  |TAMS 0x0000000088500000| PB 0x0000000088500000| Untracked 
|  80|0x0000000088600000, 0x0000000088600000, 0x0000000088700000|  0%| F|  |TAMS 0x0000000088600000| PB 0x0000000088600000| Untracked 
|  81|0x0000000088700000, 0x0000000088700000, 0x0000000088800000|  0%| F|  |TAMS 0x0000000088700000| PB 0x0000000088700000| Untracked 
|  82|0x0000000088800000, 0x0000000088800000, 0x0000000088900000|  0%| F|  |TAMS 0x0000000088800000| PB 0x0000000088800000| Untracked 
|  83|0x0000000088900000, 0x0000000088900000, 0x0000000088a00000|  0%| F|  |TAMS 0x0000000088900000| PB 0x0000000088900000| Untracked 
|  84|0x0000000088a00000, 0x0000000088a00000, 0x0000000088b00000|  0%| F|  |TAMS 0x0000000088a00000| PB 0x0000000088a00000| Untracked 
|  85|0x0000000088b00000, 0x0000000088b00000, 0x0000000088c00000|  0%| F|  |TAMS 0x0000000088b00000| PB 0x0000000088b00000| Untracked 
|  86|0x0000000088c00000, 0x0000000088c00000, 0x0000000088d00000|  0%| F|  |TAMS 0x0000000088c00000| PB 0x0000000088c00000| Untracked 
|  87|0x0000000088d00000, 0x0000000088d00000, 0x0000000088e00000|  0%| F|  |TAMS 0x0000000088d00000| PB 0x0000000088d00000| Untracked 
|  88|0x0000000088e00000, 0x0000000088e00000, 0x0000000088f00000|  0%| F|  |TAMS 0x0000000088e00000| PB 0x0000000088e00000| Untracked 
|  89|0x0000000088f00000, 0x0000000088f00000, 0x0000000089000000|  0%| F|  |TAMS 0x0000000088f00000| PB 0x0000000088f00000| Untracked 
|  90|0x0000000089000000, 0x0000000089000000, 0x0000000089100000|  0%| F|  |TAMS 0x0000000089000000| PB 0x0000000089000000| Untracked 
|  91|0x0000000089100000, 0x0000000089100000, 0x0000000089200000|  0%| F|  |TAMS 0x0000000089100000| PB 0x0000000089100000| Untracked 
|  92|0x0000000089200000, 0x0000000089200000, 0x0000000089300000|  0%| F|  |TAMS 0x0000000089200000| PB 0x0000000089200000| Untracked 
|  93|0x0000000089300000, 0x0000000089300000, 0x0000000089400000|  0%| F|  |TAMS 0x0000000089300000| PB 0x0000000089300000| Untracked 
|  94|0x0000000089400000, 0x0000000089400000, 0x0000000089500000|  0%| F|  |TAMS 0x0000000089400000| PB 0x0000000089400000| Untracked 
|  95|0x0000000089500000, 0x0000000089500000, 0x0000000089600000|  0%| F|  |TAMS 0x0000000089500000| PB 0x0000000089500000| Untracked 
|  96|0x0000000089600000, 0x0000000089600000, 0x0000000089700000|  0%| F|  |TAMS 0x0000000089600000| PB 0x0000000089600000| Untracked 
|  97|0x0000000089700000, 0x0000000089700000, 0x0000000089800000|  0%| F|  |TAMS 0x0000000089700000| PB 0x0000000089700000| Untracked 
|  98|0x0000000089800000, 0x0000000089800000, 0x0000000089900000|  0%| F|  |TAMS 0x0000000089800000| PB 0x0000000089800000| Untracked 
|  99|0x0000000089900000, 0x0000000089900000, 0x0000000089a00000|  0%| F|  |TAMS 0x0000000089900000| PB 0x0000000089900000| Untracked 
| 100|0x0000000089a00000, 0x0000000089a00000, 0x0000000089b00000|  0%| F|  |TAMS 0x0000000089a00000| PB 0x0000000089a00000| Untracked 
| 101|0x0000000089b00000, 0x0000000089b00000, 0x0000000089c00000|  0%| F|  |TAMS 0x0000000089b00000| PB 0x0000000089b00000| Untracked 
| 102|0x0000000089c00000, 0x0000000089c00000, 0x0000000089d00000|  0%| F|  |TAMS 0x0000000089c00000| PB 0x0000000089c00000| Untracked 
| 103|0x0000000089d00000, 0x0000000089d76498, 0x0000000089e00000| 46%| E|  |TAMS 0x0000000089d00000| PB 0x0000000089d00000| Complete 
| 104|0x0000000089e00000, 0x0000000089f00000, 0x0000000089f00000|100%| E|CS|TAMS 0x0000000089e00000| PB 0x0000000089e00000| Complete 
| 105|0x0000000089f00000, 0x000000008a000000, 0x000000008a000000|100%| E|CS|TAMS 0x0000000089f00000| PB 0x0000000089f00000| Complete 
| 106|0x000000008a000000, 0x000000008a100000, 0x000000008a100000|100%| E|CS|TAMS 0x000000008a000000| PB 0x000000008a000000| Complete 
| 107|0x000000008a100000, 0x000000008a200000, 0x000000008a200000|100%| E|CS|TAMS 0x000000008a100000| PB 0x000000008a100000| Complete 
| 108|0x000000008a200000, 0x000000008a300000, 0x000000008a300000|100%| E|CS|TAMS 0x000000008a200000| PB 0x000000008a200000| Complete 
| 109|0x000000008a300000, 0x000000008a400000, 0x000000008a400000|100%| E|CS|TAMS 0x000000008a300000| PB 0x000000008a300000| Complete 
| 110|0x000000008a400000, 0x000000008a500000, 0x000000008a500000|100%| E|CS|TAMS 0x000000008a400000| PB 0x000000008a400000| Complete 
| 111|0x000000008a500000, 0x000000008a600000, 0x000000008a600000|100%| E|CS|TAMS 0x000000008a500000| PB 0x000000008a500000| Complete 
| 112|0x000000008a600000, 0x000000008a700000, 0x000000008a700000|100%| E|CS|TAMS 0x000000008a600000| PB 0x000000008a600000| Complete 
| 113|0x000000008a700000, 0x000000008a800000, 0x000000008a800000|100%| E|CS|TAMS 0x000000008a700000| PB 0x000000008a700000| Complete 
| 114|0x000000008a800000, 0x000000008a900000, 0x000000008a900000|100%| E|CS|TAMS 0x000000008a800000| PB 0x000000008a800000| Complete 
| 115|0x000000008a900000, 0x000000008aa00000, 0x000000008aa00000|100%| E|CS|TAMS 0x000000008a900000| PB 0x000000008a900000| Complete 
| 116|0x000000008aa00000, 0x000000008ab00000, 0x000000008ab00000|100%| E|CS|TAMS 0x000000008aa00000| PB 0x000000008aa00000| Complete 
| 117|0x000000008ab00000, 0x000000008ac00000, 0x000000008ac00000|100%| E|CS|TAMS 0x000000008ab00000| PB 0x000000008ab00000| Complete 
| 118|0x000000008ac00000, 0x000000008ad00000, 0x000000008ad00000|100%| E|CS|TAMS 0x000000008ac00000| PB 0x000000008ac00000| Complete 
| 119|0x000000008ad00000, 0x000000008ae00000, 0x000000008ae00000|100%| E|CS|TAMS 0x000000008ad00000| PB 0x000000008ad00000| Complete 
| 120|0x000000008ae00000, 0x000000008af00000, 0x000000008af00000|100%| E|CS|TAMS 0x000000008ae00000| PB 0x000000008ae00000| Complete 
| 121|0x000000008af00000, 0x000000008b000000, 0x000000008b000000|100%| E|CS|TAMS 0x000000008af00000| PB 0x000000008af00000| Complete 
| 122|0x000000008b000000, 0x000000008b100000, 0x000000008b100000|100%| E|CS|TAMS 0x000000008b000000| PB 0x000000008b000000| Complete 
| 123|0x000000008b100000, 0x000000008b200000, 0x000000008b200000|100%| E|CS|TAMS 0x000000008b100000| PB 0x000000008b100000| Complete 
| 124|0x000000008b200000, 0x000000008b300000, 0x000000008b300000|100%| E|CS|TAMS 0x000000008b200000| PB 0x000000008b200000| Complete 
| 125|0x000000008b300000, 0x000000008b400000, 0x000000008b400000|100%| E|CS|TAMS 0x000000008b300000| PB 0x000000008b300000| Complete 

Card table byte_map: [0x0000020645670000,0x0000020645a60000] _byte_map_base: 0x0000020645255000

Marking Bits: (CMBitMap*) 0x000002062db5ba40
 Bits: [0x0000020645a60000, 0x0000020647988000)

Polling page: 0x000002062bc50000

Metaspace:

Usage:
  Non-class:      6.44 MB used.
      Class:    855.34 KB used.
       Both:      7.27 MB used.

Virtual space:
  Non-class space:       64.00 MB reserved,       6.62 MB ( 10%) committed,  1 nodes.
      Class space:        1.00 GB reserved,       1.00 MB ( <1%) committed,  1 nodes.
             Both:        1.06 GB reserved,       7.62 MB ( <1%) committed. 

Chunk freelists:
   Non-Class:  9.37 MB
       Class:  14.90 MB
        Both:  24.27 MB

MaxMetaspaceSize: unlimited
CompressedClassSpaceSize: 1.00 GB
Initial GC threshold: 21.00 MB
Current GC threshold: 21.00 MB
CDS: on
 - commit_granule_bytes: 65536.
 - commit_granule_words: 8192.
 - virtual_space_node_default_size: 8388608.
 - enlarge_chunks_in_place: 1.
 - use_allocation_guard: 0.


Internal statistics:

num_allocs_failed_limit: 0.
num_arena_births: 298.
num_arena_deaths: 0.
num_vsnodes_births: 2.
num_vsnodes_deaths: 0.
num_space_committed: 122.
num_space_uncommitted: 0.
num_chunks_returned_to_freelist: 0.
num_chunks_taken_from_freelist: 521.
num_chunk_merges: 0.
num_chunk_splits: 307.
num_chunks_enlarged: 146.
num_inconsistent_stats: 0.

CodeHeap 'non-profiled nmethods': size=120000Kb used=417Kb max_used=417Kb free=119582Kb
 bounds [0x000002063da20000, 0x000002063dc90000, 0x0000020644f50000]
CodeHeap 'profiled nmethods': size=120000Kb used=2607Kb max_used=2607Kb free=117392Kb
 bounds [0x0000020635f50000, 0x00000206361e0000, 0x000002063d480000]
CodeHeap 'non-nmethods': size=5760Kb used=1542Kb max_used=1551Kb free=4217Kb
 bounds [0x000002063d480000, 0x000002063d6f0000, 0x000002063da20000]
 total_blobs=1900 nmethods=1405 adapters=400
 compilation: enabled
              stopped_count=0, restarted_count=0
 full_count=0

Compilation events (20 events):
Event: 1.122 Thread 0x000002064a3cfec0 nmethod 1284 0x0000020636191010 code [0x00000206361911e0, 0x0000020636191548]
Event: 1.122 Thread 0x000002064a3cfec0 1286       3       jdk.internal.org.objectweb.asm.MethodWriter::computeAllFrames (510 bytes)
Event: 1.123 Thread 0x000002064a3cfec0 nmethod 1286 0x0000020636191710 code [0x0000020636191a60, 0x0000020636192ef8]
Event: 1.123 Thread 0x000002064a3cfec0 1289       3       jdk.internal.org.objectweb.asm.Frame::setInputFrameFromDescriptor (175 bytes)
Event: 1.124 Thread 0x000002064a3cfec0 nmethod 1289 0x0000020636193a10 code [0x0000020636193c40, 0x0000020636194430]
Event: 1.124 Thread 0x000002064a3cfec0 1285       3       java.lang.invoke.InvokerBytecodeGenerator::emitStoreInsn (21 bytes)
Event: 1.124 Thread 0x000002064a3cfec0 nmethod 1285 0x0000020636194810 code [0x00000206361949e0, 0x0000020636194c40]
Event: 1.124 Thread 0x000002064a3cfec0 1290       3       java.lang.invoke.InvokerBytecodeGenerator::storeInsnOpcode (98 bytes)
Event: 1.124 Thread 0x000002064a3cfec0 nmethod 1290 0x0000020636194d90 code [0x0000020636195000, 0x0000020636195980]
Event: 1.124 Thread 0x000002064a3cfec0 1281       3       java.util.Arrays::copyOfRange (90 bytes)
Event: 1.125 Thread 0x000002064a3cfec0 nmethod 1281 0x0000020636195c90 code [0x0000020636195f40, 0x0000020636196c08]
Event: 1.125 Thread 0x000002064a3cfec0 1291       3       java.lang.invoke.TypeConvertingMethodAdapter::convertType (299 bytes)
Event: 1.127 Thread 0x000002064a3cfec0 nmethod 1291 0x0000020636197090 code [0x0000020636197740, 0x000002063619b2e8]
Event: 1.127 Thread 0x000002064a3cfec0 1292       3       java.lang.invoke.BoundMethodHandle::rebind (14 bytes)
Event: 1.128 Thread 0x000002064a3cfec0 nmethod 1292 0x000002063619c690 code [0x000002063619c8a0, 0x000002063619ce18]
Event: 1.128 Thread 0x000002064a3cfec0 1293       3       java.lang.invoke.BoundMethodHandle::tooComplex (27 bytes)
Event: 1.128 Thread 0x000002064a3cfec0 nmethod 1293 0x000002063619d010 code [0x000002063619d200, 0x000002063619d688]
Event: 1.131 Thread 0x000002064a3cfec0 1294       3       java.lang.invoke.MethodHandles$Lookup::in (283 bytes)
Event: 1.132 Thread 0x000002064a3cfec0 nmethod 1294 0x000002063619d810 code [0x000002063619dc20, 0x000002063619f608]
Event: 1.132 Thread 0x000002064a3cfec0 1296       3       jdk.internal.org.objectweb.asm.ClassWriter::toByteArray (1517 bytes)

GC Heap History (0 events):
No events

Dll operation events (8 events):
Event: 0.007 Loaded shared library C:\Program Files\Java\jdk-21\bin\java.dll
Event: 0.041 Loaded shared library C:\Program Files\Java\jdk-21\bin\jsvml.dll
Event: 0.136 Loaded shared library C:\Program Files\Java\jdk-21\bin\net.dll
Event: 0.140 Loaded shared library C:\Program Files\Java\jdk-21\bin\nio.dll
Event: 0.144 Loaded shared library C:\Program Files\Java\jdk-21\bin\zip.dll
Event: 0.366 Loaded shared library C:\Program Files\Java\jdk-21\bin\jimage.dll
Event: 0.462 Loaded shared library C:\Program Files\Java\jdk-21\bin\verify.dll
Event: 0.546 Loaded shared library C:\Program Files\Java\jdk-21\bin\extnet.dll

Deoptimization events (20 events):
Event: 0.740 Thread 0x000002062b9e3b20 DEOPT PACKING pc=0x000002063da3884c sp=0x000000ae2c1fc560
Event: 0.740 Thread 0x000002062b9e3b20 DEOPT UNPACKING pc=0x000002063d4d7da2 sp=0x000000ae2c1fc4f0 mode 2
Event: 1.011 Thread 0x000002062b9e3b20 DEOPT PACKING pc=0x0000020635f7c38e sp=0x000000ae2c1fd420
Event: 1.011 Thread 0x000002062b9e3b20 DEOPT UNPACKING pc=0x000002063d4d88e2 sp=0x000000ae2c1fc890 mode 0
Event: 1.109 Thread 0x000002062b9e3b20 Uncommon trap: trap_request=0xffffffde fr.pc=0x000002063da809cc relative=0x000000000000012c
Event: 1.109 Thread 0x000002062b9e3b20 Uncommon trap: reason=class_check action=maybe_recompile pc=0x000002063da809cc method=jdk.internal.misc.Unsafe.allocateUninitializedArray(Ljava/lang/Class;I)Ljava/lang/Object; @ 51 c2
Event: 1.109 Thread 0x000002062b9e3b20 DEOPT PACKING pc=0x000002063da809cc sp=0x000000ae2c1fc8e0
Event: 1.109 Thread 0x000002062b9e3b20 DEOPT UNPACKING pc=0x000002063d4d7da2 sp=0x000000ae2c1fc858 mode 2
Event: 1.109 Thread 0x000002062b9e3b20 Uncommon trap: trap_request=0xffffffde fr.pc=0x000002063da809cc relative=0x000000000000012c
Event: 1.109 Thread 0x000002062b9e3b20 Uncommon trap: reason=class_check action=maybe_recompile pc=0x000002063da809cc method=jdk.internal.misc.Unsafe.allocateUninitializedArray(Ljava/lang/Class;I)Ljava/lang/Object; @ 51 c2
Event: 1.109 Thread 0x000002062b9e3b20 DEOPT PACKING pc=0x000002063da809cc sp=0x000000ae2c1fc980
Event: 1.109 Thread 0x000002062b9e3b20 DEOPT UNPACKING pc=0x000002063d4d7da2 sp=0x000000ae2c1fc8f8 mode 2
Event: 1.109 Thread 0x000002062b9e3b20 Uncommon trap: trap_request=0xffffffde fr.pc=0x000002063da809cc relative=0x000000000000012c
Event: 1.109 Thread 0x000002062b9e3b20 Uncommon trap: reason=class_check action=maybe_recompile pc=0x000002063da809cc method=jdk.internal.misc.Unsafe.allocateUninitializedArray(Ljava/lang/Class;I)Ljava/lang/Object; @ 51 c2
Event: 1.109 Thread 0x000002062b9e3b20 DEOPT PACKING pc=0x000002063da809cc sp=0x000000ae2c1fc2f0
Event: 1.109 Thread 0x000002062b9e3b20 DEOPT UNPACKING pc=0x000002063d4d7da2 sp=0x000000ae2c1fc268 mode 2
Event: 1.109 Thread 0x000002062b9e3b20 Uncommon trap: trap_request=0xffffffde fr.pc=0x000002063da809cc relative=0x000000000000012c
Event: 1.109 Thread 0x000002062b9e3b20 Uncommon trap: reason=class_check action=maybe_recompile pc=0x000002063da809cc method=jdk.internal.misc.Unsafe.allocateUninitializedArray(Ljava/lang/Class;I)Ljava/lang/Object; @ 51 c2
Event: 1.109 Thread 0x000002062b9e3b20 DEOPT PACKING pc=0x000002063da809cc sp=0x000000ae2c1fc7a0
Event: 1.109 Thread 0x000002062b9e3b20 DEOPT UNPACKING pc=0x000002063d4d7da2 sp=0x000000ae2c1fc718 mode 2

Classes loaded (20 events):
Event: 1.101 Loading class java/time/Instant$1
Event: 1.101 Loading class java/time/Instant$1 done
Event: 1.124 Loading class java/util/HashMap$EntrySpliterator
Event: 1.126 Loading class java/util/HashMap$EntrySpliterator done
Event: 1.127 Loading class java/util/stream/FindOps$FindTask
Event: 1.129 Loading class java/util/stream/AbstractShortCircuitTask
Event: 1.129 Loading class java/util/stream/AbstractShortCircuitTask done
Event: 1.129 Loading class java/util/stream/FindOps$FindTask done
Event: 1.132 Loading class java/util/stream/ForEachOps$ForEachTask
Event: 1.132 Loading class java/util/stream/ForEachOps$ForEachTask done
Event: 1.133 Loading class java/util/stream/SortedOps
Event: 1.133 Loading class java/util/stream/SortedOps done
Event: 1.133 Loading class java/util/stream/SortedOps$OfRef
Event: 1.134 Loading class java/util/stream/ReferencePipeline$StatefulOp
Event: 1.134 Loading class java/util/stream/ReferencePipeline$StatefulOp done
Event: 1.134 Loading class java/util/stream/SortedOps$OfRef done
Event: 1.135 Loading class java/util/stream/SortedOps$SizedRefSortingSink
Event: 1.135 Loading class java/util/stream/SortedOps$AbstractRefSortingSink
Event: 1.136 Loading class java/util/stream/SortedOps$AbstractRefSortingSink done
Event: 1.136 Loading class java/util/stream/SortedOps$SizedRefSortingSink done

Classes unloaded (0 events):
No events

Classes redefined (0 events):
No events

Internal exceptions (20 events):
Event: 0.507 Thread 0x000002062b9e3b20 Exception <a 'java/lang/NoSuchMethodError'{0x000000008a9a1368}: 'void java.lang.invoke.DirectMethodHandle$Holder.invokeSpecial(java.lang.Object, java.lang.Object, java.lang.Object)'> (0x000000008a9a1368) 
thrown [s\open\src\hotspot\share\interpreter\linkResolver.cpp, line 773]
Event: 0.548 Thread 0x000002062b9e3b20 Exception <a 'java/lang/NoSuchMethodError'{0x000000008a84f500}: 'void java.lang.invoke.DirectMethodHandle$Holder.invokeStatic(java.lang.Object, java.lang.Object)'> (0x000000008a84f500) 
thrown [s\open\src\hotspot\share\interpreter\linkResolver.cpp, line 773]
Event: 0.690 Thread 0x000002062b9e3b20 Exception <a 'java/lang/ClassNotFoundException'{0x000000008a72eb38}: com/sun/org/apache/xerces/internal/impl/msg/spi/SAXMessagesProvider> (0x000000008a72eb38) 
thrown [s\open\src\hotspot\share\classfile\systemDictionary.cpp, line 312]
Event: 0.779 Thread 0x000002062b9e3b20 Exception <a 'java/lang/NoSuchMethodError'{0x000000008a7e5038}: 'java.lang.Object java.lang.invoke.DirectMethodHandle$Holder.invokeStaticInit(java.lang.Object, int, int, int, int)'> (0x000000008a7e5038) 
thrown [s\open\src\hotspot\share\interpreter\linkResolver.cpp, line 773]
Event: 0.831 Thread 0x000002062b9e3b20 Exception <a 'java/lang/NoSuchMethodError'{0x000000008a6a8820}: 'java.lang.Object java.lang.invoke.DirectMethodHandle$Holder.invokeStaticInit(java.lang.Object, java.lang.Object, int, int, int, int)'> (0x000000008a6a8820) 
thrown [s\open\src\hotspot\share\interpreter\linkResolver.cpp, line 773]
Event: 0.955 Thread 0x000002062b9e3b20 Exception <a 'java/lang/NoSuchMethodError'{0x000000008a34bf10}: 'void java.lang.invoke.DirectMethodHandle$Holder.invokeStatic(java.lang.Object, java.lang.Object, java.lang.Object, java.lang.Object)'> (0x000000008a34bf10) 
thrown [s\open\src\hotspot\share\interpreter\linkResolver.cpp, line 773]
Event: 0.970 Thread 0x000002062b9e3b20 Exception <a 'java/lang/NoSuchMethodError'{0x000000008a396200}: 'int java.lang.invoke.DirectMethodHandle$Holder.invokeVirtual(java.lang.Object, java.lang.Object)'> (0x000000008a396200) 
thrown [s\open\src\hotspot\share\interpreter\linkResolver.cpp, line 773]
Event: 0.971 Thread 0x000002062b9e3b20 Exception <a 'java/lang/NoSuchMethodError'{0x000000008a39f370}: 'java.lang.Object java.lang.invoke.Invokers$Holder.invokeExact_MT(java.lang.Object, java.lang.Object, java.lang.Object, java.lang.Object, java.lang.Object, java.lang.Object)'> (0x000000008a39f370) 
thrown [s\open\src\hotspot\share\interpreter\linkResolver.cpp, line 773]
Event: 0.987 Thread 0x000002062b9e3b20 Exception <a 'java/lang/NoSuchMethodError'{0x000000008a22a3b8}: 'java.lang.Object java.lang.invoke.DirectMethodHandle$Holder.invokeSpecial(java.lang.Object, java.lang.Object, java.lang.Object, int, java.lang.Object)'> (0x000000008a22a3b8) 
thrown [s\open\src\hotspot\share\interpreter\linkResolver.cpp, line 773]
Event: 0.992 Thread 0x000002062b9e3b20 Exception <a 'java/lang/NoSuchMethodError'{0x000000008a23e0f0}: 'int java.lang.invoke.DirectMethodHandle$Holder.invokeStaticInit(java.lang.Object, java.lang.Object, java.lang.Object)'> (0x000000008a23e0f0) 
thrown [s\open\src\hotspot\share\interpreter\linkResolver.cpp, line 773]
Event: 1.046 Thread 0x000002062b9e3b20 Exception <a 'java/lang/NoSuchMethodError'{0x000000008a18ab58}: 'java.lang.Object java.lang.invoke.DirectMethodHandle$Holder.invokeInterface(java.lang.Object, java.lang.Object)'> (0x000000008a18ab58) 
thrown [s\open\src\hotspot\share\interpreter\linkResolver.cpp, line 773]
Event: 1.047 Thread 0x000002062b9e3b20 Exception <a 'java/lang/IncompatibleClassChangeError'{0x000000008a18e070}: Found class java.lang.Object, but interface was expected> (0x000000008a18e070) 
thrown [s\open\src\hotspot\share\interpreter\linkResolver.cpp, line 840]
Event: 1.051 Thread 0x000002062b9e3b20 Exception <a 'java/lang/NoSuchMethodError'{0x000000008a1b1de0}: 'java.lang.Object java.lang.invoke.DirectMethodHandle$Holder.newInvokeSpecial(java.lang.Object, java.lang.Object, java.lang.Object, java.lang.Object, java.lang.Object, java.lang.Object, java.lang.Object, java.lang.Object, java.lang.Object)'> (0x000000008a1b1de0) 
thrown [s\open\src\hotspot\share\interpreter\linkResolver.cpp, line 773]
Event: 1.064 Thread 0x000002062b9e3b20 Exception <a 'java/lang/NoSuchMethodError'{0x000000008a1f6be8}: 'java.lang.Object java.lang.invoke.DirectMethodHandle$Holder.newInvokeSpecial(java.lang.Object, java.lang.Object, java.lang.Object, java.lang.Object, java.lang.Object, java.lang.Object, java.lang.Object)'> (0x000000008a1f6be8) 
thrown [s\open\src\hotspot\share\interpreter\linkResolver.cpp, line 773]
Event: 1.072 Thread 0x000002062b9e3b20 Exception <a 'java/lang/NoSuchMethodError'{0x000000008a02c8b0}: 'java.lang.Object java.lang.invoke.DirectMethodHandle$Holder.invokeStatic(java.lang.Object, int, java.lang.Object, java.lang.Object)'> (0x000000008a02c8b0) 
thrown [s\open\src\hotspot\share\interpreter\linkResolver.cpp, line 773]
Event: 1.072 Thread 0x000002062b9e3b20 Exception <a 'java/lang/NoSuchMethodError'{0x000000008a033030}: 'java.lang.Object java.lang.invoke.DirectMethodHandle$Holder.newInvokeSpecial(java.lang.Object, int, java.lang.Object)'> (0x000000008a033030) 
thrown [s\open\src\hotspot\share\interpreter\linkResolver.cpp, line 773]
Event: 1.080 Thread 0x000002062b9e3b20 Exception <a 'java/lang/NoSuchMethodError'{0x000000008a05d6f0}: 'java.lang.Object java.lang.invoke.DirectMethodHandle$Holder.newInvokeSpecial(java.lang.Object, java.lang.Object, java.lang.Object, java.lang.Object, java.lang.Object)'> (0x000000008a05d6f0) 
thrown [s\open\src\hotspot\share\interpreter\linkResolver.cpp, line 773]
Event: 1.094 Thread 0x000002062b9e3b20 Exception <a 'java/lang/IncompatibleClassChangeError'{0x000000008a0d94e0}: Found class java.lang.Object, but interface was expected> (0x000000008a0d94e0) 
thrown [s\open\src\hotspot\share\interpreter\linkResolver.cpp, line 840]
Event: 1.106 Thread 0x000002062b9e3b20 Exception <a 'java/lang/NoSuchMethodError'{0x0000000089f50990}: 'java.lang.Object java.lang.invoke.Invokers$Holder.linkToTargetMethod(java.lang.Object, long, java.lang.Object)'> (0x0000000089f50990) 
thrown [s\open\src\hotspot\share\interpreter\linkResolver.cpp, line 773]
Event: 1.107 Thread 0x000002062b9e3b20 Exception <a 'java/lang/NoSuchMethodError'{0x0000000089f5af28}: 'java.lang.Object java.lang.invoke.DirectMethodHandle$Holder.newInvokeSpecial(java.lang.Object, java.lang.Object, int, java.lang.Object, java.lang.Object)'> (0x0000000089f5af28) 
thrown [s\open\src\hotspot\share\interpreter\linkResolver.cpp, line 773]

ZGC Phase Switch (0 events):
No events

VM Operations (18 events):
Event: 0.145 Executing VM operation: HandshakeAllThreads (Deoptimize)
Event: 0.145 Executing VM operation: HandshakeAllThreads (Deoptimize) done
Event: 0.359 Executing VM operation: HandshakeAllThreads (Deoptimize)
Event: 0.359 Executing VM operation: HandshakeAllThreads (Deoptimize) done
Event: 0.400 Executing VM operation: HandshakeAllThreads (Deoptimize)
Event: 0.400 Executing VM operation: HandshakeAllThreads (Deoptimize) done
Event: 0.437 Executing VM operation: HandshakeAllThreads (Deoptimize)
Event: 0.437 Executing VM operation: HandshakeAllThreads (Deoptimize) done
Event: 0.532 Executing VM operation: HandshakeAllThreads (Deoptimize)
Event: 0.532 Executing VM operation: HandshakeAllThreads (Deoptimize) done
Event: 0.727 Executing VM operation: HandshakeAllThreads (Deoptimize)
Event: 0.727 Executing VM operation: HandshakeAllThreads (Deoptimize) done
Event: 0.739 Executing VM operation: HandshakeAllThreads (Deoptimize)
Event: 0.739 Executing VM operation: HandshakeAllThreads (Deoptimize) done
Event: 0.841 Executing VM operation: HandshakeAllThreads (Deoptimize)
Event: 0.841 Executing VM operation: HandshakeAllThreads (Deoptimize) done
Event: 0.912 Executing VM operation: HandshakeAllThreads (Deoptimize)
Event: 0.912 Executing VM operation: HandshakeAllThreads (Deoptimize) done

Events (14 events):
Event: 0.022 Thread 0x000002062b9e3b20 Thread added: 0x000002062b9e3b20
Event: 0.037 Thread 0x000002064a3b9da0 Thread added: 0x000002064a3b9da0
Event: 0.038 Thread 0x000002064a3bad60 Thread added: 0x000002064a3bad60
Event: 0.038 Thread 0x000002064a3bda60 Thread added: 0x000002064a3bda60
Event: 0.038 Thread 0x000002064a3be5b0 Thread added: 0x000002064a3be5b0
Event: 0.038 Thread 0x000002064a3c07e0 Thread added: 0x000002064a3c07e0
Event: 0.038 Thread 0x000002064a3c1b30 Thread added: 0x000002064a3c1b30
Event: 0.038 Thread 0x000002064a3ce0b0 Thread added: 0x000002064a3ce0b0
Event: 0.039 Thread 0x000002064a3cfec0 Thread added: 0x000002064a3cfec0
Event: 0.130 Thread 0x000002064a6565c0 Thread added: 0x000002064a6565c0
Event: 0.133 Thread 0x000002064a65cfd0 Thread added: 0x000002064a65cfd0
Event: 0.303 Thread 0x000002064a85f810 Thread added: 0x000002064a85f810
Event: 0.553 Thread 0x00000206902edfd0 Thread added: 0x00000206902edfd0
Event: 0.691 Thread 0x000002064a85f810 Thread exited: 0x000002064a85f810


Dynamic libraries:
0x00007ff6d5550000 - 0x00007ff6d5560000 	C:\Program Files\Java\jdk-21\bin\javaw.exe
0x00007ffa8b570000 - 0x00007ffa8b787000 	C:\WINDOWS\SYSTEM32\ntdll.dll
0x00007ffa89280000 - 0x00007ffa89344000 	C:\WINDOWS\System32\KERNEL32.DLL
0x00007ffa88990000 - 0x00007ffa88d3c000 	C:\WINDOWS\System32\KERNELBASE.dll
0x00007ffa89040000 - 0x00007ffa89151000 	C:\WINDOWS\System32\ucrtbase.dll
0x00007ffa82880000 - 0x00007ffa82899000 	C:\Program Files\Java\jdk-21\bin\jli.dll
0x00007ffa81870000 - 0x00007ffa8188b000 	C:\Program Files\Java\jdk-21\bin\VCRUNTIME140.dll
0x00007ffa8b360000 - 0x00007ffa8b412000 	C:\WINDOWS\System32\ADVAPI32.dll
0x00007ffa89a80000 - 0x00007ffa89b27000 	C:\WINDOWS\System32\msvcrt.dll
0x00007ffa8a130000 - 0x00007ffa8a1d8000 	C:\WINDOWS\System32\sechost.dll
0x00007ffa88f70000 - 0x00007ffa88f98000 	C:\WINDOWS\System32\bcrypt.dll
0x00007ffa8b160000 - 0x00007ffa8b275000 	C:\WINDOWS\System32\RPCRT4.dll
0x00007ffa8a350000 - 0x00007ffa8a4fe000 	C:\WINDOWS\System32\USER32.dll
0x00007ffa888e0000 - 0x00007ffa88906000 	C:\WINDOWS\System32\win32u.dll
0x00007ffa73fc0000 - 0x00007ffa74253000 	C:\WINDOWS\WinSxS\amd64_microsoft.windows.common-controls_6595b64144ccf1df_6.0.22621.3672_none_2713b9d173822955\COMCTL32.dll
0x00007ffa8a590000 - 0x00007ffa8a5b9000 	C:\WINDOWS\System32\GDI32.dll
0x00007ffa89160000 - 0x00007ffa89279000 	C:\WINDOWS\System32\gdi32full.dll
0x00007ffa88fa0000 - 0x00007ffa8903a000 	C:\WINDOWS\System32\msvcp_win.dll
0x00007ffa81770000 - 0x00007ffa8177a000 	C:\WINDOWS\SYSTEM32\VERSION.dll
0x00007ffa89660000 - 0x00007ffa89691000 	C:\WINDOWS\System32\IMM32.DLL
0x00007ffa85690000 - 0x00007ffa8569c000 	C:\Program Files\Java\jdk-21\bin\vcruntime140_1.dll
0x00007ffa5d360000 - 0x00007ffa5d3ee000 	C:\Program Files\Java\jdk-21\bin\msvcp140.dll
0x00007ffa121f0000 - 0x00007ffa12f05000 	C:\Program Files\Java\jdk-21\bin\server\jvm.dll
0x00007ffa8b480000 - 0x00007ffa8b4f1000 	C:\WINDOWS\System32\WS2_32.dll
0x00007ffa88130000 - 0x00007ffa8817d000 	C:\WINDOWS\SYSTEM32\POWRPROF.dll
0x00007ffa81780000 - 0x00007ffa817b4000 	C:\WINDOWS\SYSTEM32\WINMM.dll
0x00007ffa88110000 - 0x00007ffa88123000 	C:\WINDOWS\SYSTEM32\UMPDC.dll
0x00007ffa87860000 - 0x00007ffa87878000 	C:\WINDOWS\SYSTEM32\kernel.appcore.dll
0x00007ffa85650000 - 0x00007ffa8565a000 	C:\Program Files\Java\jdk-21\bin\jimage.dll
0x00007ffa85940000 - 0x00007ffa85b72000 	C:\WINDOWS\SYSTEM32\DBGHELP.DLL
0x00007ffa896a0000 - 0x00007ffa89a28000 	C:\WINDOWS\System32\combase.dll
0x00007ffa8a820000 - 0x00007ffa8a8f7000 	C:\WINDOWS\System32\OLEAUT32.dll
0x00007ffa59d60000 - 0x00007ffa59d92000 	C:\WINDOWS\SYSTEM32\dbgcore.DLL
0x00007ffa88910000 - 0x00007ffa8898b000 	C:\WINDOWS\System32\bcryptPrimitives.dll
0x00007ffa72eb0000 - 0x00007ffa72ecf000 	C:\Program Files\Java\jdk-21\bin\java.dll
0x00007ffa8a900000 - 0x00007ffa8b15c000 	C:\WINDOWS\System32\SHELL32.dll
0x00007ffa86770000 - 0x00007ffa87067000 	C:\WINDOWS\SYSTEM32\windows.storage.dll
0x00007ffa86630000 - 0x00007ffa8676f000 	C:\WINDOWS\SYSTEM32\wintypes.dll
0x00007ffa8a1f0000 - 0x00007ffa8a2e4000 	C:\WINDOWS\System32\SHCORE.dll
0x00007ffa8a2f0000 - 0x00007ffa8a34e000 	C:\WINDOWS\System32\shlwapi.dll
0x00007ffa887a0000 - 0x00007ffa887c1000 	C:\WINDOWS\SYSTEM32\profapi.dll
0x00007ffa55dd0000 - 0x00007ffa55ea7000 	C:\Program Files\Java\jdk-21\bin\jsvml.dll
0x00007ffa82d60000 - 0x00007ffa82d70000 	C:\Program Files\Java\jdk-21\bin\net.dll
0x00007ffa82be0000 - 0x00007ffa82d16000 	C:\WINDOWS\SYSTEM32\WINHTTP.dll
0x00007ffa87cc0000 - 0x00007ffa87d29000 	C:\WINDOWS\system32\mswsock.dll
0x00007ffa72e60000 - 0x00007ffa72e76000 	C:\Program Files\Java\jdk-21\bin\nio.dll
0x00007ffa72c70000 - 0x00007ffa72c88000 	C:\Program Files\Java\jdk-21\bin\zip.dll
0x00007ffa81860000 - 0x00007ffa81870000 	C:\Program Files\Java\jdk-21\bin\verify.dll
0x00007ffa87300000 - 0x00007ffa873f8000 	C:\WINDOWS\SYSTEM32\DNSAPI.dll
0x00007ffa872d0000 - 0x00007ffa872fd000 	C:\WINDOWS\SYSTEM32\IPHLPAPI.DLL
0x00007ffa8a1e0000 - 0x00007ffa8a1e9000 	C:\WINDOWS\System32\NSI.dll
0x000000006bc10000 - 0x000000006bc36000 	C:\Program Files\Bonjour\mdnsNSP.dll
0x00007ffa807e0000 - 0x00007ffa807ea000 	C:\Windows\System32\rasadhlp.dll
0x00007ffa80ca0000 - 0x00007ffa80d23000 	C:\WINDOWS\System32\fwpuclnt.dll
0x00007ffa7f7e0000 - 0x00007ffa7f7e7000 	C:\Program Files\Java\jdk-21\bin\extnet.dll
0x00007ffa87f10000 - 0x00007ffa87f2b000 	C:\WINDOWS\SYSTEM32\CRYPTSP.dll
0x00007ffa877c0000 - 0x00007ffa877f5000 	C:\WINDOWS\system32\rsaenh.dll
0x00007ffa87d70000 - 0x00007ffa87d98000 	C:\WINDOWS\SYSTEM32\USERENV.dll
0x00007ffa87ed0000 - 0x00007ffa87edc000 	C:\WINDOWS\SYSTEM32\CRYPTBASE.dll

dbghelp: loaded successfully - version: 4.0.5 - missing functions: none
symbol engine: initialized successfully - sym options: 0x614 - pdb path: .;C:\Program Files\Java\jdk-21\bin;C:\WINDOWS\SYSTEM32;C:\WINDOWS\WinSxS\amd64_microsoft.windows.common-controls_6595b64144ccf1df_6.0.22621.3672_none_2713b9d173822955;C:\Program Files\Java\jdk-21\bin\server;C:\Program Files\Bonjour

VM Arguments:
jvm_args: -ea -Dfile.encoding=UTF-8 -Dstdout.encoding=UTF-8 -Dstderr.encoding=UTF-8 -XX:+ShowCodeDetailsInExceptionMessages 
java_command: org.testng.remote.RemoteTestNG -serport 4096 -protocol json -d E:\github\framework_build\test-output C:\Users\USER\AppData\Local\Temp\testng-eclipse-1740783179\testng-customsuite.xml
java_class_path (initial): C:\Users\USER\eclipse\jee-2023-12\eclipse\configuration\org.eclipse.osgi\992\0\.cp\lib\testng-remote.jar;E:\github\framework_build\target\test-classes;E:\github\framework_build\target\classes;C:\Users\USER\.m2\repository\org\testng\testng\7.10.2\testng-7.10.2.jar;C:\Users\USER\.m2\repository\org\slf4j\slf4j-api\1.7.36\slf4j-api-1.7.36.jar;C:\Users\USER\.m2\repository\com\beust\jcommander\1.82\jcommander-1.82.jar;C:\Users\USER\.m2\repository\org\webjars\jquery\3.7.1\jquery-3.7.1.jar;C:\Users\USER\.m2\repository\org\seleniumhq\selenium\selenium-java\4.21.0\selenium-java-4.21.0.jar;C:\Users\USER\.m2\repository\org\seleniumhq\selenium\selenium-api\4.21.0\selenium-api-4.21.0.jar;C:\Users\USER\.m2\repository\org\seleniumhq\selenium\selenium-chrome-driver\4.21.0\selenium-chrome-driver-4.21.0.jar;C:\Users\USER\.m2\repository\com\google\auto\service\auto-service-annotations\1.1.1\auto-service-annotations-1.1.1.jar;C:\Users\USER\.m2\repository\org\seleniumhq\selenium\selenium-chromium-driver\4.21.0\selenium-chromium-driver-4.21.0.jar;C:\Users\USER\.m2\repository\org\seleniumhq\selenium\selenium-json\4.21.0\selenium-json-4.21.0.jar;C:\Users\USER\.m2\repository\org\seleniumhq\selenium\selenium-manager\4.21.0\selenium-manager-4.21.0.jar;C:\Users\USER\.m2\repository\org\seleniumhq\selenium\selenium-devtools-v123\4.21.0\selenium-devtools-v123-4.21.0.jar;C:\Users\USER\.m2\repository\org\seleniumhq\selenium\selenium-devtools-v124\4.21.0\selenium-devtools-v124-4.21.0.jar;C:\Users\USER\.m2\repository\org\seleniumhq\selenium\selenium-devtools-v125\4.21.0\selenium-devtools-v125-4.21.0.jar;C:\Users\USER\.m2\repository\org\seleniumhq\selenium\selenium-devtools-v85\4.21.0\selenium-devtools-v85-4.21.0.jar;C:\Users\USER\.m2\repository\org\seleniumhq\selenium\selenium-edge-driver\4.21.0\selenium-edge-driver-4.21.0.jar;C:\Users\USER\.m2\repository\org\seleniumhq\selenium\selenium-firefox-driver\4.21.0\selenium-firefox-driver-4.21.0.jar;C:\Users\USER\.m2\repository\org\seleniumhq\selenium\selenium-http\4.21.0\selenium-http-4.21.0.jar;C:\Users\USER\.m2\repository\dev\failsafe\failsafe\3.3.2\failsafe-3.3.2.jar;C:\Users\USER\.m2\repository\org\seleniumhq\selenium\selenium-ie-driver\4.21.0\selenium-ie-driver-4.21.0.jar;C:\Users\USER\.m2\repository\org\seleniumhq\selenium\selenium-remote-driver\4.21.0\selenium-remote-driver-4.21.0.jar;C:\Users\USER\.m2\repository\com\google\guava\guava\33.2.0-jre\guava-33.2.0-jre.jar;C:\Users\USER\.m2\repository\com\google\guava\failureaccess\1.0.2\failureaccess-1.0.2.jar;C:\Users\USER\.m2\repository\com\google\guava\listenablefuture\9999.0-empty-to-avoid-conflict-with-guava\listenablefuture-9999.0-empty-to-avoid-conflict-with-guava.jar;C:\Users\USER\.m2\repository\com\google\code\findbugs\jsr305\3.0.2\jsr305-3.0.2.jar;C:\Users\USER\.m2\repository\org\checkerframework\checker-qual\3.42.0\checker-qual-3.42.0.jar;C:\Users\USER\.m2\repository\com\google\errorprone\error_prone_annotations\2.26.1\error_prone_annotations-2.26.1.jar;C:\Users\USER\.m2\repository\com\google\j2objc\j2objc-annotations\3.0.0\j2objc-annotations-3.0.0.jar;C:\Users\USER\.m2\repository\io\opentelemetry\semconv\opentelemetry-semconv\1.25.0-alpha\opentelemetry-semconv-1.25.0-alpha.jar;C:\Users\USER\.m2\repository\io\opentelemetry\opentelemetry-api\1.38.0\opentelemetry-api-1.38.0.jar;C:\Users\USER\.m2\repository\io\opentelemetry\opentelemetry-context\1.38.0\opentelemetry-context-1.38.0.jar;C:\Users\USER\.m2\repository\io\opentelemetry\opentelemetry-exporter-logging\1.38.0\opentelemetry-exporter-logging-1.38.0.jar;C:\Users\USER\.m2\repository\io\opentelemetry\opentelemetry-sdk-common\1.38.0\opentelemetry-sdk-common-1.38.0.jar;C:\Users\USER\.m2\repository\io\opentelemetry\opentelemetry-sdk-extension-autoconfigure-spi\1.38.0\opentelemetry-sdk-extension-autoconfigure-spi-1.38.0.jar;C:\Users\USER\.m2\repository\io\opentelemetry\opentelemetry-sdk-extension-autoconfigure\1.38.0\opentelemetry-sdk-extension-autoconfigure-1.38.0.jar;C:\Users\USER\.m2\repository\io\opentelemetry\opentelemetry-api-incubator\1.38.0-alpha\opentelemetry-api-incubator-1.38.0-alpha.jar;C:\Users\USER\.m2\repository\io\opentelemetry\opentelemetry-sdk-trace\1.38.0\opentelemetry-sdk-trace-1.38.0.jar;C:\Users\USER\.m2\repository\io\opentelemetry\opentelemetry-sdk\1.38.0\opentelemetry-sdk-1.38.0.jar;C:\Users\USER\.m2\repository\io\opentelemetry\opentelemetry-sdk-metrics\1.38.0\opentelemetry-sdk-metrics-1.38.0.jar;C:\Users\USER\.m2\repository\io\opentelemetry\opentelemetry-sdk-logs\1.38.0\opentelemetry-sdk-logs-1.38.0.jar;C:\Users\USER\.m2\repository\net\bytebuddy\byte-buddy\1.14.15\byte-buddy-1.14.15.jar;C:\Users\USER\.m2\repository\org\seleniumhq\selenium\selenium-os\4.21.0\selenium-os-4.21.0.jar;C:\Users\USER\.m2\repository\org\apache\commons\commons-exec\1.4.0\commons-exec-1.4.0.jar;C:\Users\USER\.m2\repository\org\seleniumhq\selenium\selenium-safari-driver\4.21.0\selenium-safari-driver-4.21.0.jar;C:\Users\USER\.m2\repository\org\seleniumhq\selenium\selenium-support\4.21.0\selenium-support-4.21.0.jar;C:\Users\USER\.m2\repository\org\uncommons\reportng\1.1.4\reportng-1.1.4.jar;C:\Users\USER\.m2\repository\velocity\velocity\1.4\velocity-1.4.jar;C:\Users\USER\.m2\repository\velocity\velocity-dep\1.4\velocity-dep-1.4.jar;C:\Users\USER\.m2\repository\org\apache\logging\log4j\log4j-core\2.23.1\log4j-core-2.23.1.jar;C:\Users\USER\.m2\repository\org\apache\logging\log4j\log4j-api\2.23.1\log4j-api-2.23.1.jar;C:\Users\USER\.m2\repository\org\apache\poi\poi\5.2.5\poi-5.2.5.jar;C:\Users\USER\.m2\repository\commons-codec\commons-codec\1.16.0\commons-codec-1.16.0.jar;C:\Users\USER\.m2\repository\org\apache\commons\commons-collections4\4.4\commons-collections4-4.4.jar;C:\Users\USER\.m2\repository\org\apache\commons\commons-math3\3.6.1\commons-math3-3.6.1.jar;C:\Users\USER\.m2\repository\commons-io\commons-io\2.15.0\commons-io-2.15.0.jar;C:\Users\USER\.m2\repository\com\zaxxer\SparseBitSet\1.3\SparseBitSet-1.3.jar;C:\Users\USER\.m2\repository\io\github\bonigarcia\webdrivermanager\5.8.0\webdrivermanager-5.8.0.jar;C:\Users\USER\.m2\repository\com\google\code\gson\gson\2.10.1\gson-2.10.1.jar;C:\Users\USER\.m2\repository\com\github\docker-java\docker-java\3.3.6\docker-java-3.3.6.jar;C:\Users\USER\.m2\repository\com\github\docker-java\docker-java-core\3.3.6\docker-java-core-3.3.6.jar;C:\Users\USER\.m2\repository\com\github\docker-java\docker-java-api\3.3.6\docker-java-api-3.3.6.jar;C:\Users\USER\.m2\repository\com\fasterxml\jackson\core\jackson-annotations\2.10.3\jackson-annotations-2.10.3.jar;C:\Users\USER\.m2\repository\com\fasterxml\jackson\core\jackson-databind\2.10.3\jackson-databind-2.10.3.jar;C:\Users\USER\.m2\repository\com\fasterxml\jackson\core\jackson-core\2.10.3\jackson-core-2.10.3.jar;C:\Users\USER\.m2\repository\org\bouncycastle\bcpkix-jdk18on\1.76\bcpkix-jdk18on-1.76.jar;C:\Users\USER\.m2\repository\org\bouncycastle\bcprov-jdk18on\1.76\bcprov-jdk18on-1.76.jar;C:\Users\USER\.m2\repository\org\bouncycastle\bcutil-jdk18on\1.76\bcutil-jdk18on-1.76.jar;C:\Users\USER\.m2\repository\org\slf4j\jcl-over-slf4j\1.7.30\jcl-over-slf4j-1.7.30.jar;C:\Users\USER\.m2\repository\com\github\docker-java\docker-java-transport-httpclient5\3.3.6\docker-java-transport-httpclient5-3.3.6.jar;C:\Users\USER\.m2\repository\com\github\docker-java\docker-java-transport\3.3.6\docker-java-transport-3.3.6.jar;C:\Users\USER\.m2\repository\net\java\dev\jna\jna\5.13.0\jna-5.13.0.jar;C:\Users\USER\.m2\repository\org\brotli\dec\0.1.2\dec-0.1.2.jar;C:\Users\USER\.m2\repository\org\apache\commons\commons-lang3\3.14.0\commons-lang3-3.14.0.jar;C:\Users\USER\.m2\repository\org\apache\commons\commons-compress\1.26.1\commons-compress-1.26.1.jar;C:\Users\USER\.m2\repository\org\apache\httpcomponents\client5\httpclient5\5.2.1\httpclient5-5.2.1.jar;C:\Users\USER\.m2\repository\org\apache\httpcomponents\core5\httpcore5\5.2\httpcore5-5.2.jar;C:\Users\USER\.m2\repository\org\apache\httpcomponents\core5\httpcore5-h2\5.2\httpcore5-h2-5.2.jar;E:\github\Drawify_Automation\target\classes
Launcher Type: SUN_STANDARD

[Global flags]
     intx CICompilerCount                          = 4                                         {product} {ergonomic}
     uint ConcGCThreads                            = 2                                         {product} {ergonomic}
     uint G1ConcRefinementThreads                  = 8                                         {product} {ergonomic}
   size_t G1HeapRegionSize                         = 1048576                                   {product} {ergonomic}
    uintx GCDrainStackTargetSize                   = 64                                        {product} {ergonomic}
   size_t InitialHeapSize                          = 132120576                                 {product} {ergonomic}
   size_t MarkStackSize                            = 4194304                                   {product} {ergonomic}
   size_t MaxHeapSize                              = 2090860544                                {product} {ergonomic}
   size_t MaxNewSize                               = 1254096896                                {product} {ergonomic}
   size_t MinHeapDeltaBytes                        = 1048576                                   {product} {ergonomic}
   size_t MinHeapSize                              = 8388608                                   {product} {ergonomic}
    uintx NonNMethodCodeHeapSize                   = 5839372                                {pd product} {ergonomic}
    uintx NonProfiledCodeHeapSize                  = 122909434                              {pd product} {ergonomic}
    uintx ProfiledCodeHeapSize                     = 122909434                              {pd product} {ergonomic}
    uintx ReservedCodeCacheSize                    = 251658240                              {pd product} {ergonomic}
     bool SegmentedCodeCache                       = true                                      {product} {ergonomic}
     bool ShowCodeDetailsInExceptionMessages       = true                                   {manageable} {command line}
   size_t SoftMaxHeapSize                          = 2090860544                             {manageable} {ergonomic}
     bool UseCompressedOops                        = true                           {product lp64_product} {ergonomic}
     bool UseG1GC                                  = true                                      {product} {ergonomic}
     bool UseLargePagesIndividualAllocation        = false                                  {pd product} {ergonomic}

Logging:
Log output configuration:
 #0: stdout all=warning uptime,level,tags foldmultilines=false
 #1: stderr all=off uptime,level,tags foldmultilines=false

Environment Variables:
JAVA_HOME=C:\Program Files\Java\jdk-21
PATH=C:\Program Files\Common Files\Oracle\Java\javapath;"C:\Program Files\Common Files\Oracle\Java\javapath;C:\Program Files\Java\jdk-17\bin";C:\Python311\Scripts\;C:\Python311\;C:\WINDOWS\system32;C:\WINDOWS;C:\WINDOWS\System32\Wbem;C:\WINDOWS\System32\WindowsPowerShell\v1.0\;C:\WINDOWS\System32\OpenSSH\;C:\ProgramData\chocolatey\bin;C:\Program Files\Docker\Docker\resources\bin;C:\Program Files\Cloudflare\Cloudflare WARP\;C:\Program Files\PostgreSQL\14\bin;C:\Program Files\Git\cmd;C:\Program Files\nodejs\;C:\Program Files\Java\jdk-21\bin;C:\Meven\bin;C:\Users\USER\AppData\Local\Programs\Python\Python312\Scripts\;C:\Users\USER\AppData\Local\Programs\Python\Python312\;E:\Ruby32-x64\bin;C:\Users\USER\AppData\Local\Microsoft\WindowsApps;C:\Users\USER\AppData\Local\Programs\Microsoft VS Code\bin;E:\RubyMine 2023.1.2\bin;;C:\Users\USER\AppData\Roaming\npm;C:\Users\USER\AppData\Local\GitHubDesktop\bin
USERNAME=USER
OS=Windows_NT
PROCESSOR_IDENTIFIER=Intel64 Family 6 Model 140 Stepping 1, GenuineIntel
TMP=C:\Users\USER\AppData\Local\Temp
TEMP=C:\Users\USER\AppData\Local\Temp




Periodic native trim disabled

---------------  S Y S T E M  ---------------

OS:
 Windows 11 , 64 bit Build 22621 (10.0.22621.3672)
OS uptime: 1 days 14:15 hours
Hyper-V role detected

CPU: total 8 (initial active 8) (4 cores per cpu, 2 threads per core) family 6 model 140 stepping 1 microcode 0xaa, cx8, cmov, fxsr, ht, mmx, 3dnowpref, sse, sse2, sse3, ssse3, sse4.1, sse4.2, popcnt, lzcnt, tsc, tscinvbit, avx, avx2, aes, erms, clmul, bmi1, bmi2, adx, avx512f, avx512dq, avx512cd, avx512bw, avx512vl, sha, fma, vzeroupper, avx512_vpopcntdq, avx512_vpclmulqdq, avx512_vaes, avx512_vnni, clflush, clflushopt, clwb, avx512_vbmi2, avx512_vbmi, hv, rdtscp, rdpid, fsrm, gfni, avx512_bitalg, f16c, cet_ibt, cet_ss, avx512_ifma
Processor Information for processor 0
  Max Mhz: 2419, Current Mhz: 2419, Mhz Limit: 2419
Processor Information for processor 1
  Max Mhz: 2419, Current Mhz: 2419, Mhz Limit: 2419
Processor Information for processor 2
  Max Mhz: 2419, Current Mhz: 2419, Mhz Limit: 2419
Processor Information for processor 3
  Max Mhz: 2419, Current Mhz: 1209, Mhz Limit: 2419
Processor Information for processor 4
  Max Mhz: 2419, Current Mhz: 2419, Mhz Limit: 2419
Processor Information for processor 5
  Max Mhz: 2419, Current Mhz: 2419, Mhz Limit: 2419
Processor Information for processor 6
  Max Mhz: 2419, Current Mhz: 2419, Mhz Limit: 2419
Processor Information for processor 7
  Max Mhz: 2419, Current Mhz: 2419, Mhz Limit: 2419

Memory: 4k page, system-wide physical 7975M (455M free)
TotalPageFile size 23104M (AvailPageFile size 3M)
current process WorkingSet (physical memory assigned to process): 82M, peak: 82M
current process commit charge ("private bytes"): 227M, peak: 227M

vm_info: Java HotSpot(TM) 64-Bit Server VM (21.0.1+12-LTS-29) for windows-amd64 JRE (21.0.1+12-LTS-29), built on 2023-10-05T13:27:09Z by "mach5one" with MS VC++ 17.1 (VS2022)

END.
